<?xml version="1.0" encoding="UTF-8"?>
<testng-results ignored="0" total="2" passed="2" failed="0" skipped="0">
  <reporter-output>
  </reporter-output>
  <suite started-at="2023-06-30T10:44:25 IST" name="Default suite" finished-at="2023-06-30T10:44:34 IST" duration-ms="8864">
    <groups>
    </groups>
    <test started-at="2023-06-30T10:44:25 IST" name="Default test" finished-at="2023-06-30T10:44:34 IST" duration-ms="8864">
      <class name="Data_Provider.Data_Pro">
        <test-method signature="validtest(java.lang.String,java.lang.String)[pri:0, instance:Data_Provider.Data_Pro@4a11eb84]" started-at="2023-06-30T10:44:25 IST" name="validtest" data-provider="test1" finished-at="2023-06-30T10:44:30 IST" duration-ms="4924" status="PASS">
          <params>
            <param index="0">
              <value>
                <![CDATA[Cedric]]>
              </value>
            </param>
            <param index="1">
              <value>
                <![CDATA[admin]]>
              </value>
            </param>
          </params>
          <reporter-output>
          </reporter-output>
        </test-method> <!-- validtest -->
        <test-method signature="validtest(java.lang.String,java.lang.String)[pri:0, instance:Data_Provider.Data_Pro@4a11eb84]" started-at="2023-06-30T10:44:30 IST" name="validtest" data-provider="test1" finished-at="2023-06-30T10:44:34 IST" duration-ms="3838" status="PASS">
          <params>
            <param index="0">
              <value>
                <![CDATA[Anne]]>
              </value>
            </param>
            <param index="1">
              <value>
                <![CDATA[manager]]>
              </value>
            </param>
          </params>
          <reporter-output>
          </reporter-output>
        </test-method> <!-- validtest -->
      </class> <!-- Data_Provider.Data_Pro -->
    </test> <!-- Default test -->
  </suite> <!-- Default suite -->
</testng-results>
