<?xml version="1.0" encoding="UTF-8"?>
<!-- Generated by org.testng.reporters.JUnitXMLReporter -->
<testsuite ignored="0" hostname="DESKTOP-T0QIQT9" failures="1" tests="3" name="Test" time="0.133" errors="0" timestamp="2023-06-30T10:27:12 IST">
  <testcase classname="Runner_Script.Depend1" name="test1" time="0.008"/>
  <testcase classname="Runner_Script.Depend1" name="test2" time="0.019">
    <failure type="java.lang.AssertionError" message="null">
      <![CDATA[java.lang.AssertionError: null
at Runner_Script.Depend1.test2(Depend1.java:15)
at java.base/java.util.ArrayList.forEach(ArrayList.java:1511)
... Removed 29 stack frames]]>
    </failure>
  </testcase> <!-- test2 -->
  <testcase classname="Runner_Script.Depend1" name="test3" time="0.0">
    <skipped/>
  </testcase> <!-- test3 -->
</testsuite> <!-- Test -->
